# JRE version: Java(TM) SE Runtime Environment (8.0_31-b13) (build 1.8.0_31-b13)
# Java VM: Java HotSpot(TM) 64-Bit Server VM (25.31-b07 mixed mode windows-amd64 compressed oops)
Heap:
 PSYoungGen      total 561664K, used 425414K [0x00000000d5580000, 0x00000000fea00000, 0x0000000100000000)
  eden space 461312K, 89% used [0x00000000d5580000,0x00000000ee78a7f8,0x00000000f1800000)
  from space 100352K, 13% used [0x00000000f1800000,0x00000000f2567050,0x00000000f7a00000)
  to   space 98304K, 0% used [0x00000000f8a00000,0x00000000f8a00000,0x00000000fea00000)
 ParOldGen       total 1398272K, used 919548K [0x0000000080000000, 0x00000000d5580000, 0x00000000d5580000)
  object space 1398272K, 65% used [0x0000000080000000,0x00000000b81ff238,0x00000000d5580000)
 Metaspace       used 142537K, capacity 153778K, committed 176984K, reserved 1193984K
  class space    used 17999K, capacity 20408K, committed 31616K, reserved 1048576K
GC Heap History (10 events):
Event: 7072.244 GC heap before
{Heap before GC invocations=620 (full 91):
 PSYoungGen      total 538624K, used 501104K [0x00000000d5580000, 0x00000000fc180000, 0x0000000100000000)
  eden space 445440K, 100% used [0x00000000d5580000,0x00000000f0880000,0x00000000f0880000)
  from space 93184K, 59% used [0x00000000f6680000,0x00000000f9cdc060,0x00000000fc180000)
  to   space 94720K, 0% used [0x00000000f0880000,0x00000000f0880000,0x00000000f6500000)
 ParOldGen       total 1398272K, used 914284K [0x0000000080000000, 0x00000000d5580000, 0x00000000d5580000)
  object space 1398272K, 65% used [0x0000000080000000,0x00000000b7cdb148,0x00000000d5580000)
 Metaspace       used 142509K, capacity 153710K, committed 176984K, reserved 1193984K
  class space    used 17999K, capacity 20408K, committed 31616K, reserved 1048576K
Event: 7072.259 GC heap after
Heap after GC invocations=620 (full 91):
 PSYoungGen      total 540160K, used 3495K [0x00000000d5580000, 0x00000000fd200000, 0x0000000100000000)
  eden space 445440K, 0% used [0x00000000d5580000,0x00000000d5580000,0x00000000f0880000)
  from space 94720K, 3% used [0x00000000f0880000,0x00000000f0be9e98,0x00000000f6500000)
  to   space 96768K, 0% used [0x00000000f7380000,0x00000000f7380000,0x00000000fd200000)
 ParOldGen       total 1398272K, used 919236K [0x0000000080000000, 0x00000000d5580000, 0x00000000d5580000)
  object space 1398272K, 65% used [0x0000000080000000,0x00000000b81b1158,0x00000000d5580000)
 Metaspace       used 142509K, capacity 153710K, committed 176984K, reserved 1193984K
  class space    used 17999K, capacity 20408K, committed 31616K, reserved 1048576K
}
Event: 7072.743 GC heap before
{Heap before GC invocations=621 (full 91):
 PSYoungGen      total 540160K, used 448935K [0x00000000d5580000, 0x00000000fd200000, 0x0000000100000000)
  eden space 445440K, 100% used [0x00000000d5580000,0x00000000f0880000,0x00000000f0880000)
  from space 94720K, 3% used [0x00000000f0880000,0x00000000f0be9e98,0x00000000f6500000)
  to   space 96768K, 0% used [0x00000000f7380000,0x00000000f7380000,0x00000000fd200000)
 ParOldGen       total 1398272K, used 919236K [0x0000000080000000, 0x00000000d5580000, 0x00000000d5580000)
  object space 1398272K, 65% used [0x0000000080000000,0x00000000b81b1158,0x00000000d5580000)
 Metaspace       used 142509K, capacity 153710K, committed 176984K, reserved 1193984K
  class space    used 17999K, capacity 20408K, committed 31616K, reserved 1048576K
Event: 7072.792 GC heap after
Heap after GC invocations=621 (full 91):
 PSYoungGen      total 547840K, used 75087K [0x00000000d5580000, 0x00000000fe200000, 0x0000000100000000)
  eden space 451072K, 0% used [0x00000000d5580000,0x00000000d5580000,0x00000000f0e00000)
  from space 96768K, 77% used [0x00000000f7380000,0x00000000fbcd3fb8,0x00000000fd200000)
  to   space 103936K, 0% used [0x00000000f0e00000,0x00000000f0e00000,0x00000000f7380000)
 ParOldGen       total 1398272K, used 919412K [0x0000000080000000, 0x00000000d5580000, 0x00000000d5580000)
  object space 1398272K, 65% used [0x0000000080000000,0x00000000b81dd1b8,0x00000000d5580000)
 Metaspace       used 142509K, capacity 153710K, committed 176984K, reserved 1193984K
  class space    used 17999K, capacity 20408K, committed 31616K, reserved 1048576K
}
Event: 7074.322 GC heap before
{Heap before GC invocations=622 (full 91):
 PSYoungGen      total 547840K, used 526159K [0x00000000d5580000, 0x00000000fe200000, 0x0000000100000000)
  eden space 451072K, 100% used [0x00000000d5580000,0x00000000f0e00000,0x00000000f0e00000)
  from space 96768K, 77% used [0x00000000f7380000,0x00000000fbcd3fb8,0x00000000fd200000)
  to   space 103936K, 0% used [0x00000000f0e00000,0x00000000f0e00000,0x00000000f7380000)
 ParOldGen       total 1398272K, used 919412K [0x0000000080000000, 0x00000000d5580000, 0x00000000d5580000)
  object space 1398272K, 65% used [0x0000000080000000,0x00000000b81dd1b8,0x00000000d5580000)
 Metaspace       used 142511K, capacity 153710K, committed 176984K, reserved 1193984K
  class space    used 17999K, capacity 20408K, committed 31616K, reserved 1048576K
Event: 7074.336 GC heap after
Heap after GC invocations=622 (full 91):
 PSYoungGen      total 555008K, used 11264K [0x00000000d5580000, 0x00000000fe400000, 0x0000000100000000)
  eden space 451072K, 0% used [0x00000000d5580000,0x00000000d5580000,0x00000000f0e00000)
  from space 103936K, 10% used [0x00000000f0e00000,0x00000000f1900020,0x00000000f7380000)
  to   space 103424K, 0% used [0x00000000f7f00000,0x00000000f7f00000,0x00000000fe400000)
 ParOldGen       total 1398272K, used 919532K [0x0000000080000000, 0x00000000d5580000, 0x00000000d5580000)
  object space 1398272K, 65% used [0x0000000080000000,0x00000000b81fb238,0x00000000d5580000)
 Metaspace       used 142511K, capacity 153710K, committed 176984K, reserved 1193984K
  class space    used 17999K, capacity 20408K, committed 31616K, reserved 1048576K
}
Event: 7076.357 GC heap before
{Heap before GC invocations=623 (full 91):
 PSYoungGen      total 555008K, used 461898K [0x00000000d5580000, 0x00000000fe400000, 0x0000000100000000)
  eden space 451072K, 99% used [0x00000000d5580000,0x00000000f0d929d8,0x00000000f0e00000)
  from space 103936K, 10% used [0x00000000f0e00000,0x00000000f1900020,0x00000000f7380000)
  to   space 103424K, 0% used [0x00000000f7f00000,0x00000000f7f00000,0x00000000fe400000)
 ParOldGen       total 1398272K, used 919532K [0x0000000080000000, 0x00000000d5580000, 0x00000000d5580000)
  object space 1398272K, 65% used [0x0000000080000000,0x00000000b81fb238,0x00000000d5580000)
 Metaspace       used 142521K, capacity 153714K, committed 176984K, reserved 1193984K
  class space    used 17999K, capacity 20408K, committed 31616K, reserved 1048576K
Event: 7076.384 GC heap after
Heap after GC invocations=623 (full 91):
 PSYoungGen      total 556544K, used 22776K [0x00000000d5580000, 0x00000000fdc00000, 0x0000000100000000)
  eden space 461312K, 0% used [0x00000000d5580000,0x00000000d5580000,0x00000000f1800000)
  from space 95232K, 23% used [0x00000000f7f00000,0x00000000f953e268,0x00000000fdc00000)
  to   space 100352K, 0% used [0x00000000f1800000,0x00000000f1800000,0x00000000f7a00000)
 ParOldGen       total 1398272K, used 919532K [0x0000000080000000, 0x00000000d5580000, 0x00000000d5580000)
  object space 1398272K, 65% used [0x0000000080000000,0x00000000b81fb238,0x00000000d5580000)
 Metaspace       used 142521K, capacity 153714K, committed 176984K, reserved 1193984K
  class space    used 17999K, capacity 20408K, committed 31616K, reserved 1048576K
}
Event: 7076.433 GC heap before
{Heap before GC invocations=624 (full 91):
 PSYoungGen      total 556544K, used 483160K [0x00000000d5580000, 0x00000000fdc00000, 0x0000000100000000)
  eden space 461312K, 99% used [0x00000000d5580000,0x00000000f1717ea0,0x00000000f1800000)
  from space 95232K, 23% used [0x00000000f7f00000,0x00000000f953e268,0x00000000fdc00000)
  to   space 100352K, 0% used [0x00000000f1800000,0x00000000f1800000,0x00000000f7a00000)
 ParOldGen       total 1398272K, used 919532K [0x0000000080000000, 0x00000000d5580000, 0x00000000d5580000)
  object space 1398272K, 65% used [0x0000000080000000,0x00000000b81fb238,0x00000000d5580000)
 Metaspace       used 142521K, capacity 153714K, committed 176984K, reserved 1193984K
  class space    used 17999K, capacity 20408K, committed 31616K, reserved 1048576K
Event: 7076.446 GC heap after
Heap after GC invocations=624 (full 91):
 PSYoungGen      total 561664K, used 13724K [0x00000000d5580000, 0x00000000fea00000, 0x0000000100000000)
  eden space 461312K, 0% used [0x00000000d5580000,0x00000000d5580000,0x00000000f1800000)
  from space 100352K, 13% used [0x00000000f1800000,0x00000000f2567050,0x00000000f7a00000)
  to   space 98304K, 0% used [0x00000000f8a00000,0x00000000f8a00000,0x00000000fea00000)
 ParOldGen       total 1398272K, used 919548K [0x0000000080000000, 0x00000000d5580000, 0x00000000d5580000)
  object space 1398272K, 65% used [0x0000000080000000,0x00000000b81ff238,0x00000000d5580000)
 Metaspace       used 142521K, capacity 153714K, committed 176984K, reserved 1193984K
  class space    used 17999K, capacity 20408K, committed 31616K, reserved 1048576K
}

