# JRE version: Java(TM) SE Runtime Environment (8.0_31-b13) (build 1.8.0_31-b13)
# Java VM: Java HotSpot(TM) 64-Bit Server VM (25.31-b07 mixed mode windows-amd64 compressed oops)
Heap:
 PSYoungGen      total 480768K, used 232601K [0x00000000d5580000, 0x00000000f8b00000, 0x0000000100000000)
  eden space 390656K, 49% used [0x00000000d5580000,0x00000000e13800c0,0x00000000ed300000)
  from space 90112K, 42% used [0x00000000f2980000,0x00000000f4ea6630,0x00000000f8180000)
  to   space 88576K, 0% used [0x00000000ed300000,0x00000000ed300000,0x00000000f2980000)
 ParOldGen       total 261632K, used 213828K [0x0000000080000000, 0x000000008ff80000, 0x00000000d5580000)
  object space 261632K, 81% used [0x0000000080000000,0x000000008d0d1088,0x000000008ff80000)
 Metaspace       used 94769K, capacity 99382K, committed 99672K, reserved 1136640K
  class space    used 11972K, capacity 12861K, committed 12928K, reserved 1048576K
GC Heap History (10 events):
Event: 167.145 GC heap before
{Heap before GC invocations=57 (full 15):
 PSYoungGen      total 463360K, used 412030K [0x00000000d5580000, 0x00000000f7a00000, 0x0000000100000000)
  eden space 369664K, 100% used [0x00000000d5580000,0x00000000ebe80000,0x00000000ebe80000)
  from space 93696K, 45% used [0x00000000ebe80000,0x00000000ee7df878,0x00000000f1a00000)
  to   space 91136K, 0% used [0x00000000f2100000,0x00000000f2100000,0x00000000f7a00000)
 ParOldGen       total 261632K, used 198427K [0x0000000080000000, 0x000000008ff80000, 0x00000000d5580000)
  object space 261632K, 75% used [0x0000000080000000,0x000000008c1c6ff0,0x000000008ff80000)
 Metaspace       used 92708K, capacity 96954K, committed 97240K, reserved 1134592K
  class space    used 11632K, capacity 12455K, committed 12544K, reserved 1048576K
Event: 167.226 GC heap after
Heap after GC invocations=57 (full 15):
 PSYoungGen      total 462848K, used 81638K [0x00000000d5580000, 0x00000000f8900000, 0x0000000100000000)
  eden space 371712K, 0% used [0x00000000d5580000,0x00000000d5580000,0x00000000ec080000)
  from space 91136K, 89% used [0x00000000f2100000,0x00000000f70b9ad8,0x00000000f7a00000)
  to   space 98816K, 0% used [0x00000000ec080000,0x00000000ec080000,0x00000000f2100000)
 ParOldGen       total 261632K, used 202388K [0x0000000080000000, 0x000000008ff80000, 0x00000000d5580000)
  object space 261632K, 77% used [0x0000000080000000,0x000000008c5a5028,0x000000008ff80000)
 Metaspace       used 92708K, capacity 96954K, committed 97240K, reserved 1134592K
  class space    used 11632K, capacity 12455K, committed 12544K, reserved 1048576K
}
Event: 168.412 GC heap before
{Heap before GC invocations=58 (full 15):
 PSYoungGen      total 462848K, used 453350K [0x00000000d5580000, 0x00000000f8900000, 0x0000000100000000)
  eden space 371712K, 100% used [0x00000000d5580000,0x00000000ec080000,0x00000000ec080000)
  from space 91136K, 89% used [0x00000000f2100000,0x00000000f70b9ad8,0x00000000f7a00000)
  to   space 98816K, 0% used [0x00000000ec080000,0x00000000ec080000,0x00000000f2100000)
 ParOldGen       total 261632K, used 202388K [0x0000000080000000, 0x000000008ff80000, 0x00000000d5580000)
  object space 261632K, 77% used [0x0000000080000000,0x000000008c5a5028,0x000000008ff80000)
 Metaspace       used 92722K, capacity 97018K, committed 97240K, reserved 1134592K
  class space    used 11632K, capacity 12455K, committed 12544K, reserved 1048576K
Event: 168.486 GC heap after
Heap after GC invocations=58 (full 15):
 PSYoungGen      total 470528K, used 56303K [0x00000000d5580000, 0x00000000f8400000, 0x0000000100000000)
  eden space 371712K, 0% used [0x00000000d5580000,0x00000000d5580000,0x00000000ec080000)
  from space 98816K, 56% used [0x00000000ec080000,0x00000000ef77bd58,0x00000000f2100000)
  to   space 95232K, 0% used [0x00000000f2700000,0x00000000f2700000,0x00000000f8400000)
 ParOldGen       total 261632K, used 205484K [0x0000000080000000, 0x000000008ff80000, 0x00000000d5580000)
  object space 261632K, 78% used [0x0000000080000000,0x000000008c8ab068,0x000000008ff80000)
 Metaspace       used 92722K, capacity 97018K, committed 97240K, reserved 1134592K
  class space    used 11632K, capacity 12455K, committed 12544K, reserved 1048576K
}
Event: 171.079 GC heap before
{Heap before GC invocations=59 (full 15):
 PSYoungGen      total 470528K, used 428015K [0x00000000d5580000, 0x00000000f8400000, 0x0000000100000000)
  eden space 371712K, 100% used [0x00000000d5580000,0x00000000ec080000,0x00000000ec080000)
  from space 98816K, 56% used [0x00000000ec080000,0x00000000ef77bd58,0x00000000f2100000)
  to   space 95232K, 0% used [0x00000000f2700000,0x00000000f2700000,0x00000000f8400000)
 ParOldGen       total 261632K, used 205484K [0x0000000080000000, 0x000000008ff80000, 0x00000000d5580000)
  object space 261632K, 78% used [0x0000000080000000,0x000000008c8ab068,0x000000008ff80000)
 Metaspace       used 93038K, capacity 97368K, committed 97496K, reserved 1134592K
  class space    used 11674K, capacity 12500K, committed 12544K, reserved 1048576K
Event: 171.150 GC heap after
Heap after GC invocations=59 (full 15):
 PSYoungGen      total 472576K, used 35794K [0x00000000d5580000, 0x00000000f8100000, 0x0000000100000000)
  eden space 380416K, 0% used [0x00000000d5580000,0x00000000d5580000,0x00000000ec900000)
  from space 92160K, 38% used [0x00000000f2700000,0x00000000f49f4880,0x00000000f8100000)
  to   space 94208K, 0% used [0x00000000ec900000,0x00000000ec900000,0x00000000f2500000)
 ParOldGen       total 261632K, used 208468K [0x0000000080000000, 0x000000008ff80000, 0x00000000d5580000)
  object space 261632K, 79% used [0x0000000080000000,0x000000008cb95088,0x000000008ff80000)
 Metaspace       used 93038K, capacity 97368K, committed 97496K, reserved 1134592K
  class space    used 11674K, capacity 12500K, committed 12544K, reserved 1048576K
}
Event: 172.280 GC heap before
{Heap before GC invocations=60 (full 15):
 PSYoungGen      total 472576K, used 415365K [0x00000000d5580000, 0x00000000f8100000, 0x0000000100000000)
  eden space 380416K, 99% used [0x00000000d5580000,0x00000000ec82cea8,0x00000000ec900000)
  from space 92160K, 38% used [0x00000000f2700000,0x00000000f49f4880,0x00000000f8100000)
  to   space 94208K, 0% used [0x00000000ec900000,0x00000000ec900000,0x00000000f2500000)
 ParOldGen       total 261632K, used 208468K [0x0000000080000000, 0x000000008ff80000, 0x00000000d5580000)
  object space 261632K, 79% used [0x0000000080000000,0x000000008cb95088,0x000000008ff80000)
 Metaspace       used 93747K, capacity 98246K, committed 98392K, reserved 1134592K
  class space    used 11786K, capacity 12641K, committed 12672K, reserved 1048576K
Event: 172.330 GC heap after
Heap after GC invocations=60 (full 15):
 PSYoungGen      total 474624K, used 51580K [0x00000000d5580000, 0x00000000f8180000, 0x0000000100000000)
  eden space 380416K, 0% used [0x00000000d5580000,0x00000000d5580000,0x00000000ec900000)
  from space 94208K, 54% used [0x00000000ec900000,0x00000000efb5f078,0x00000000f2500000)
  to   space 90112K, 0% used [0x00000000f2980000,0x00000000f2980000,0x00000000f8180000)
 ParOldGen       total 261632K, used 211044K [0x0000000080000000, 0x000000008ff80000, 0x00000000d5580000)
  object space 261632K, 80% used [0x0000000080000000,0x000000008ce19088,0x000000008ff80000)
 Metaspace       used 93747K, capacity 98246K, committed 98392K, reserved 1134592K
  class space    used 11786K, capacity 12641K, committed 12672K, reserved 1048576K
}
Event: 172.381 GC heap before
{Heap before GC invocations=61 (full 15):
 PSYoungGen      total 474624K, used 431067K [0x00000000d5580000, 0x00000000f8180000, 0x0000000100000000)
  eden space 380416K, 99% used [0x00000000d5580000,0x00000000ec817e30,0x00000000ec900000)
  from space 94208K, 54% used [0x00000000ec900000,0x00000000efb5f078,0x00000000f2500000)
  to   space 90112K, 0% used [0x00000000f2980000,0x00000000f2980000,0x00000000f8180000)
 ParOldGen       total 261632K, used 211044K [0x0000000080000000, 0x000000008ff80000, 0x00000000d5580000)
  object space 261632K, 80% used [0x0000000080000000,0x000000008ce19088,0x000000008ff80000)
 Metaspace       used 93754K, capacity 98246K, committed 98392K, reserved 1134592K
  class space    used 11786K, capacity 12641K, committed 12672K, reserved 1048576K
Event: 172.422 GC heap after
Heap after GC invocations=61 (full 15):
 PSYoungGen      total 480768K, used 38041K [0x00000000d5580000, 0x00000000f8b00000, 0x0000000100000000)
  eden space 390656K, 0% used [0x00000000d5580000,0x00000000d5580000,0x00000000ed300000)
  from space 90112K, 42% used [0x00000000f2980000,0x00000000f4ea6630,0x00000000f8180000)
  to   space 88576K, 0% used [0x00000000ed300000,0x00000000ed300000,0x00000000f2980000)
 ParOldGen       total 261632K, used 213828K [0x0000000080000000, 0x000000008ff80000, 0x00000000d5580000)
  object space 261632K, 81% used [0x0000000080000000,0x000000008d0d1088,0x000000008ff80000)
 Metaspace       used 93754K, capacity 98246K, committed 98392K, reserved 1134592K
  class space    used 11786K, capacity 12641K, committed 12672K, reserved 1048576K
}

