# JRE version: Java(TM) SE Runtime Environment (8.0_31-b13) (build 1.8.0_31-b13)
# Java VM: Java HotSpot(TM) 64-Bit Server VM (25.31-b07 mixed mode windows-amd64 compressed oops)
Heap:
 PSYoungGen      total 550912K, used 176769K [0x00000000d5580000, 0x00000000fed00000, 0x0000000100000000)
  eden space 443904K, 38% used [0x00000000d5580000,0x00000000dfe55038,0x00000000f0700000)
  from space 107008K, 3% used [0x00000000f8480000,0x00000000f884b3f8,0x00000000fed00000)
  to   space 117760K, 0% used [0x00000000f0700000,0x00000000f0700000,0x00000000f7a00000)
 ParOldGen       total 740352K, used 567185K [0x0000000080000000, 0x00000000ad300000, 0x00000000d5580000)
  object space 740352K, 76% used [0x0000000080000000,0x00000000a29e4758,0x00000000ad300000)
 Metaspace       used 119317K, capacity 125970K, committed 126168K, reserved 1159168K
  class space    used 14982K, capacity 16271K, committed 16384K, reserved 1048576K
GC Heap History (10 events):
Event: 1488.399 GC heap before
{Heap before GC invocations=72 (full 6):
 PSYoungGen      total 521728K, used 372288K [0x00000000d5580000, 0x0000000100000000, 0x0000000100000000)
  eden space 365568K, 100% used [0x00000000d5580000,0x00000000eba80000,0x00000000eba80000)
  from space 156160K, 4% used [0x00000000eba80000,0x00000000ec110010,0x00000000f5300000)
  to   space 150528K, 0% used [0x00000000f6d00000,0x00000000f6d00000,0x0000000100000000)
 ParOldGen       total 740352K, used 540827K [0x0000000080000000, 0x00000000ad300000, 0x00000000d5580000)
  object space 740352K, 73% used [0x0000000080000000,0x00000000a1026fb0,0x00000000ad300000)
 Metaspace       used 118862K, capacity 124952K, committed 125144K, reserved 1159168K
  class space    used 14894K, capacity 16094K, committed 16128K, reserved 1048576K
Event: 1488.419 GC heap after
Heap after GC invocations=72 (full 6):
 PSYoungGen      total 524800K, used 5312K [0x00000000d5580000, 0x00000000fee80000, 0x0000000100000000)
  eden space 392192K, 0% used [0x00000000d5580000,0x00000000d5580000,0x00000000ed480000)
  from space 132608K, 4% used [0x00000000f6d00000,0x00000000f7230000,0x00000000fee80000)
  to   space 144384K, 0% used [0x00000000ed480000,0x00000000ed480000,0x00000000f6180000)
 ParOldGen       total 740352K, used 547503K [0x0000000080000000, 0x00000000ad300000, 0x00000000d5580000)
  object space 740352K, 73% used [0x0000000080000000,0x00000000a16abc98,0x00000000ad300000)
 Metaspace       used 118862K, capacity 124952K, committed 125144K, reserved 1159168K
  class space    used 14894K, capacity 16094K, committed 16128K, reserved 1048576K
}
Event: 1489.014 GC heap before
{Heap before GC invocations=73 (full 6):
 PSYoungGen      total 524800K, used 397504K [0x00000000d5580000, 0x00000000fee80000, 0x0000000100000000)
  eden space 392192K, 100% used [0x00000000d5580000,0x00000000ed480000,0x00000000ed480000)
  from space 132608K, 4% used [0x00000000f6d00000,0x00000000f7230000,0x00000000fee80000)
  to   space 144384K, 0% used [0x00000000ed480000,0x00000000ed480000,0x00000000f6180000)
 ParOldGen       total 740352K, used 547503K [0x0000000080000000, 0x00000000ad300000, 0x00000000d5580000)
  object space 740352K, 73% used [0x0000000080000000,0x00000000a16abc98,0x00000000ad300000)
 Metaspace       used 118863K, capacity 124952K, committed 125144K, reserved 1159168K
  class space    used 14894K, capacity 16094K, committed 16128K, reserved 1048576K
Event: 1489.042 GC heap after
Heap after GC invocations=73 (full 6):
 PSYoungGen      total 536576K, used 6944K [0x00000000d5580000, 0x00000000ffe80000, 0x0000000100000000)
  eden space 392192K, 0% used [0x00000000d5580000,0x00000000d5580000,0x00000000ed480000)
  from space 144384K, 4% used [0x00000000ed480000,0x00000000edb48000,0x00000000f6180000)
  to   space 137728K, 0% used [0x00000000f7800000,0x00000000f7800000,0x00000000ffe80000)
 ParOldGen       total 740352K, used 552815K [0x0000000080000000, 0x00000000ad300000, 0x00000000d5580000)
  object space 740352K, 74% used [0x0000000080000000,0x00000000a1bdbc98,0x00000000ad300000)
 Metaspace       used 118863K, capacity 124952K, committed 125144K, reserved 1159168K
  class space    used 14894K, capacity 16094K, committed 16128K, reserved 1048576K
}
Event: 1489.627 GC heap before
{Heap before GC invocations=74 (full 6):
 PSYoungGen      total 536576K, used 399136K [0x00000000d5580000, 0x00000000ffe80000, 0x0000000100000000)
  eden space 392192K, 100% used [0x00000000d5580000,0x00000000ed480000,0x00000000ed480000)
  from space 144384K, 4% used [0x00000000ed480000,0x00000000edb48000,0x00000000f6180000)
  to   space 137728K, 0% used [0x00000000f7800000,0x00000000f7800000,0x00000000ffe80000)
 ParOldGen       total 740352K, used 552815K [0x0000000080000000, 0x00000000ad300000, 0x00000000d5580000)
  object space 740352K, 74% used [0x0000000080000000,0x00000000a1bdbc98,0x00000000ad300000)
 Metaspace       used 118863K, capacity 124952K, committed 125144K, reserved 1159168K
  class space    used 14894K, capacity 16094K, committed 16128K, reserved 1048576K
Event: 1489.648 GC heap after
Heap after GC invocations=74 (full 6):
 PSYoungGen      total 536064K, used 6304K [0x00000000d5580000, 0x00000000fec80000, 0x0000000100000000)
  eden space 416768K, 0% used [0x00000000d5580000,0x00000000d5580000,0x00000000eec80000)
  from space 119296K, 5% used [0x00000000f7800000,0x00000000f7e28000,0x00000000fec80000)
  to   space 131072K, 0% used [0x00000000eec80000,0x00000000eec80000,0x00000000f6c80000)
 ParOldGen       total 740352K, used 559777K [0x0000000080000000, 0x00000000ad300000, 0x00000000d5580000)
  object space 740352K, 75% used [0x0000000080000000,0x00000000a22a86e8,0x00000000ad300000)
 Metaspace       used 118863K, capacity 124952K, committed 125144K, reserved 1159168K
  class space    used 14894K, capacity 16094K, committed 16128K, reserved 1048576K
}
Event: 1491.745 GC heap before
{Heap before GC invocations=75 (full 6):
 PSYoungGen      total 536064K, used 423072K [0x00000000d5580000, 0x00000000fec80000, 0x0000000100000000)
  eden space 416768K, 100% used [0x00000000d5580000,0x00000000eec80000,0x00000000eec80000)
  from space 119296K, 5% used [0x00000000f7800000,0x00000000f7e28000,0x00000000fec80000)
  to   space 131072K, 0% used [0x00000000eec80000,0x00000000eec80000,0x00000000f6c80000)
 ParOldGen       total 740352K, used 559777K [0x0000000080000000, 0x00000000ad300000, 0x00000000d5580000)
  object space 740352K, 75% used [0x0000000080000000,0x00000000a22a86e8,0x00000000ad300000)
 Metaspace       used 118872K, capacity 124952K, committed 125144K, reserved 1159168K
  class space    used 14894K, capacity 16094K, committed 16128K, reserved 1048576K
Event: 1491.773 GC heap after
Heap after GC invocations=75 (full 6):
 PSYoungGen      total 547840K, used 11305K [0x00000000d5580000, 0x00000000ffd80000, 0x0000000100000000)
  eden space 416768K, 0% used [0x00000000d5580000,0x00000000d5580000,0x00000000eec80000)
  from space 131072K, 8% used [0x00000000eec80000,0x00000000ef78a5f0,0x00000000f6c80000)
  to   space 123904K, 0% used [0x00000000f8480000,0x00000000f8480000,0x00000000ffd80000)
 ParOldGen       total 740352K, used 566033K [0x0000000080000000, 0x00000000ad300000, 0x00000000d5580000)
  object space 740352K, 76% used [0x0000000080000000,0x00000000a28c46e8,0x00000000ad300000)
 Metaspace       used 118872K, capacity 124952K, committed 125144K, reserved 1159168K
  class space    used 14894K, capacity 16094K, committed 16128K, reserved 1048576K
}
Event: 1493.369 GC heap before
{Heap before GC invocations=76 (full 6):
 PSYoungGen      total 547840K, used 428073K [0x00000000d5580000, 0x00000000ffd80000, 0x0000000100000000)
  eden space 416768K, 100% used [0x00000000d5580000,0x00000000eec80000,0x00000000eec80000)
  from space 131072K, 8% used [0x00000000eec80000,0x00000000ef78a5f0,0x00000000f6c80000)
  to   space 123904K, 0% used [0x00000000f8480000,0x00000000f8480000,0x00000000ffd80000)
 ParOldGen       total 740352K, used 566033K [0x0000000080000000, 0x00000000ad300000, 0x00000000d5580000)
  object space 740352K, 76% used [0x0000000080000000,0x00000000a28c46e8,0x00000000ad300000)
 Metaspace       used 118877K, capacity 124956K, committed 125144K, reserved 1159168K
  class space    used 14894K, capacity 16094K, committed 16128K, reserved 1048576K
Event: 1493.377 GC heap after
Heap after GC invocations=76 (full 6):
 PSYoungGen      total 550912K, used 3884K [0x00000000d5580000, 0x00000000fed00000, 0x0000000100000000)
  eden space 443904K, 0% used [0x00000000d5580000,0x00000000d5580000,0x00000000f0700000)
  from space 107008K, 3% used [0x00000000f8480000,0x00000000f884b3f8,0x00000000fed00000)
  to   space 117760K, 0% used [0x00000000f0700000,0x00000000f0700000,0x00000000f7a00000)
 ParOldGen       total 740352K, used 567185K [0x0000000080000000, 0x00000000ad300000, 0x00000000d5580000)
  object space 740352K, 76% used [0x0000000080000000,0x00000000a29e4758,0x00000000ad300000)
 Metaspace       used 118877K, capacity 124956K, committed 125144K, reserved 1159168K
  class space    used 14894K, capacity 16094K, committed 16128K, reserved 1048576K
}

